# JRE version: OpenJDK Runtime Environment (11.0.11+9) (build 11.0.11+9-b60-7590822)
# Java VM: OpenJDK 64-Bit Server VM (11.0.11+9-b60-7590822, mixed mode, tiered, compressed oops, g1 gc, windows-amd64)
Heap:
 garbage-first heap   total 315392K, used 85455K [0x0000000701e00000, 0x0000000800000000)
  region size 1024K, 65 young (66560K), 2 survivors (2048K)
 Metaspace       used 47241K, capacity 47768K, committed 47792K, reserved 1091584K
  class space    used 5653K, capacity 5884K, committed 5888K, reserved 1048576K
GC Heap History (10 events):
Event: 0.376 GC heap before
{Heap before GC invocations=0 (full 0):
 garbage-first heap   total 262144K, used 25600K [0x0000000701e00000, 0x0000000800000000)
  region size 1024K, 22 young (22528K), 0 survivors (0K)
 Metaspace       used 11651K, capacity 11762K, committed 11904K, reserved 1060864K
  class space    used 1080K, capacity 1109K, committed 1152K, reserved 1048576K
}
Event: 0.378 GC heap after
{Heap after GC invocations=1 (full 0):
 garbage-first heap   total 262144K, used 5493K [0x0000000701e00000, 0x0000000800000000)
  region size 1024K, 3 young (3072K), 3 survivors (3072K)
 Metaspace       used 11651K, capacity 11762K, committed 11904K, reserved 1060864K
  class space    used 1080K, capacity 1109K, committed 1152K, reserved 1048576K
}
Event: 0.836 GC heap before
{Heap before GC invocations=1 (full 0):
 garbage-first heap   total 262144K, used 42357K [0x0000000701e00000, 0x0000000800000000)
  region size 1024K, 40 young (40960K), 3 survivors (3072K)
 Metaspace       used 20905K, capacity 21128K, committed 21296K, reserved 1069056K
  class space    used 2223K, capacity 2327K, committed 2432K, reserved 1048576K
}
Event: 0.840 GC heap after
{Heap after GC invocations=2 (full 0):
 garbage-first heap   total 262144K, used 9263K [0x0000000701e00000, 0x0000000800000000)
  region size 1024K, 7 young (7168K), 7 survivors (7168K)
 Metaspace       used 20905K, capacity 21128K, committed 21296K, reserved 1069056K
  class space    used 2223K, capacity 2327K, committed 2432K, reserved 1048576K
}
Event: 1.491 GC heap before
{Heap before GC invocations=3 (full 0):
 garbage-first heap   total 262144K, used 70703K [0x0000000701e00000, 0x0000000800000000)
  region size 1024K, 62 young (63488K), 7 survivors (7168K)
 Metaspace       used 34206K, capacity 34671K, committed 34992K, reserved 1079296K
  class space    used 4315K, capacity 4490K, committed 4608K, reserved 1048576K
}
Event: 1.498 GC heap after
{Heap after GC invocations=4 (full 0):
 garbage-first heap   total 262144K, used 21089K [0x0000000701e00000, 0x0000000800000000)
  region size 1024K, 8 young (8192K), 8 survivors (8192K)
 Metaspace       used 34206K, capacity 34671K, committed 34992K, reserved 1079296K
  class space    used 4315K, capacity 4490K, committed 4608K, reserved 1048576K
}
Event: 1.552 GC heap before
{Heap before GC invocations=4 (full 0):
 garbage-first heap   total 262144K, used 26209K [0x0000000701e00000, 0x0000000800000000)
  region size 1024K, 14 young (14336K), 8 survivors (8192K)
 Metaspace       used 35342K, capacity 35759K, committed 35888K, reserved 1081344K
  class space    used 4428K, capacity 4618K, committed 4736K, reserved 1048576K
}
Event: 1.556 GC heap after
{Heap after GC invocations=5 (full 0):
 garbage-first heap   total 262144K, used 22113K [0x0000000701e00000, 0x0000000800000000)
  region size 1024K, 9 young (9216K), 9 survivors (9216K)
 Metaspace       used 35342K, capacity 35759K, committed 35888K, reserved 1081344K
  class space    used 4428K, capacity 4618K, committed 4736K, reserved 1048576K
}
Event: 1.629 GC heap before
{Heap before GC invocations=6 (full 0):
 garbage-first heap   total 262144K, used 29281K [0x0000000701e00000, 0x0000000800000000)
  region size 1024K, 16 young (16384K), 9 survivors (9216K)
 Metaspace       used 36268K, capacity 36762K, committed 36912K, reserved 1081344K
  class space    used 4545K, capacity 4718K, committed 4736K, reserved 1048576K
}
Event: 1.635 GC heap after
{Heap after GC invocations=7 (full 0):
 garbage-first heap   total 315392K, used 20943K [0x0000000701e00000, 0x0000000800000000)
  region size 1024K, 2 young (2048K), 2 survivors (2048K)
 Metaspace       used 36268K, capacity 36762K, committed 36912K, reserved 1081344K
  class space    used 4545K, capacity 4718K, committed 4736K, reserved 1048576K
}

